app/build/intermediates/manifest_merge_blame_file/debug/manifest-merger-blame-debug-report.txt
1<?xml version="1.0" encoding="utf-8"?>
2<manifest xmlns:android="http://schemas.android.com/apk/res/android"
3    package="ir.ariact.musicplayer"
4    android:versionCode="1"
5    android:versionName="1.0" >
6
7    <uses-sdk
8        android:minSdkVersion="16"
8-->src\main\AndroidManifest.xml
9        android:targetSdkVersion="29" />
9-->src\main\AndroidManifest.xml
10
11    <uses-permission android:name="android.permission.WAKE_LOCK" />
11-->src\main\AndroidManifest.xml:5:5-68
11-->src\main\AndroidManifest.xml:5:22-65
12    <uses-permission android:name="android.permission.READ_EXTERNAL_STORAGE" />
12-->src\main\AndroidManifest.xml:6:5-80
12-->src\main\AndroidManifest.xml:6:22-77
13
14    <permission android:name="android.permission.MEDIA_CONTENT_CONTROL" />
14-->src\main\AndroidManifest.xml:8:5-75
14-->src\main\AndroidManifest.xml:8:17-72
15
16    <uses-permission android:name="android.permission.READ_PHONE_STATE" />
16-->src\main\AndroidManifest.xml:10:5-75
16-->src\main\AndroidManifest.xml:10:22-72
17
18    <application
18-->src\main\AndroidManifest.xml:12:5-36:19
19        android:allowBackup="true"
19-->src\main\AndroidManifest.xml:13:9-35
20        android:appComponentFactory="androidx.core.app.CoreComponentFactory"
20-->[androidx.core:core:1.1.0] AndroidManifest.xml:24:18-86
21        android:debuggable="true"
22        android:icon="@mipmap/ic_launcher"
22-->src\main\AndroidManifest.xml:14:9-43
23        android:label="@string/app_name"
23-->src\main\AndroidManifest.xml:15:9-41
24        android:roundIcon="@mipmap/ic_launcher_round"
24-->src\main\AndroidManifest.xml:16:9-54
25        android:supportsRtl="true"
25-->src\main\AndroidManifest.xml:17:9-35
26        android:testOnly="true"
27        android:theme="@style/AppTheme" >
27-->src\main\AndroidManifest.xml:18:9-40
28        <activity android:name="ir.ariact.musicplayer.activity.SingleFragmentActivity" />
28-->src\main\AndroidManifest.xml:19:9-78
28-->src\main\AndroidManifest.xml:19:19-66
29        <activity android:name="ir.ariact.musicplayer.activity.MainActivity" />
29-->src\main\AndroidManifest.xml:20:9-59
29-->src\main\AndroidManifest.xml:20:19-56
30
31        <service
31-->src\main\AndroidManifest.xml:22:9-25:39
32            android:name="ir.ariact.musicplayer.service.SetSongListService"
32-->src\main\AndroidManifest.xml:23:13-55
33            android:enabled="true"
33-->src\main\AndroidManifest.xml:24:13-35
34            android:exported="true" />
34-->src\main\AndroidManifest.xml:25:13-36
35
36        <activity android:name="ir.ariact.musicplayer.activity.LoadingActivity" >
36-->src\main\AndroidManifest.xml:27:9-33:20
36-->src\main\AndroidManifest.xml:27:19-59
37            <intent-filter>
37-->src\main\AndroidManifest.xml:28:13-32:29
38                <action android:name="android.intent.action.MAIN" />
38-->src\main\AndroidManifest.xml:29:17-69
38-->src\main\AndroidManifest.xml:29:25-66
39
40                <category android:name="android.intent.category.LAUNCHER" />
40-->src\main\AndroidManifest.xml:31:17-77
40-->src\main\AndroidManifest.xml:31:27-74
41            </intent-filter>
42        </activity>
43
44        <service android:name="ir.ariact.musicplayer.service.MusicPlayerService" />
44-->src\main\AndroidManifest.xml:35:9-63
44-->src\main\AndroidManifest.xml:35:18-60
45
46        <provider
46-->[com.squareup.picasso:picasso:2.71828] AndroidManifest.xml:8:9-11:40
47            android:name="com.squareup.picasso.PicassoProvider"
47-->[com.squareup.picasso:picasso:2.71828] AndroidManifest.xml:9:13-64
48            android:authorities="ir.ariact.musicplayer.com.squareup.picasso"
48-->[com.squareup.picasso:picasso:2.71828] AndroidManifest.xml:10:13-72
49            android:exported="false" />
49-->[com.squareup.picasso:picasso:2.71828] AndroidManifest.xml:11:13-37
50    </application>
51
52</manifest>